<?xml version="1.0" encoding="UTF-8"?>
<!-- Generated by org.testng.reporters.JUnitReportReporter -->
<testsuite hostname="Admin-PC" failures="0" tests="1" name="demo.LaunchingBrowserTest" time="8.946" errors="0" timestamp="2022-10-20T20:40:15 IST" skipped="0">
  <testcase classname="demo.LaunchingBrowserTest" name="lanchingTest" time="8.946"/>
  <system-out/>
</testsuite> <!-- demo.LaunchingBrowserTest -->
